2025-10-02 08:22:46,988 [DEBUG] Inicializando banco de dados...
2025-10-02 08:22:47,010 [INFO] Banco de dados inicializado com sucesso.
2025-10-02 08:22:48,158 [DEBUG] Carregando lista de grooves do banco...
2025-10-02 08:22:48,159 [DEBUG] Inicializando banco de dados...
2025-10-02 08:22:48,160 [INFO] Banco de dados inicializado com sucesso.
2025-10-02 08:33:49,335 [INFO] Iniciando DrumMachine...
2025-10-02 08:33:49,336 [DEBUG] Inicializando banco de dados...
2025-10-02 08:33:49,337 [INFO] Banco de dados inicializado com sucesso.
2025-10-02 08:33:49,419 [DEBUG] Construindo interface gráfica...
2025-10-02 08:33:49,759 [DEBUG] Carregando lista de grooves do banco...
2025-10-02 08:33:49,760 [INFO] Total de grooves carregados: 9
2025-10-02 08:33:49,760 [DEBUG] Inicializando banco de dados...
2025-10-02 08:33:49,761 [INFO] Banco de dados inicializado com sucesso.
2025-10-02 08:33:49,762 [INFO] DrumMachine inicializada com sucesso!
2025-10-02 08:56:57,715 [INFO] Iniciando DrumMachine...
2025-10-02 08:56:57,715 [DEBUG] Inicializando banco de dados...
2025-10-02 08:56:57,716 [INFO] Banco de dados inicializado com sucesso.
2025-10-02 08:56:57,796 [DEBUG] Construindo interface gráfica...
2025-10-02 08:56:58,162 [DEBUG] Carregando lista de grooves do banco...
2025-10-02 08:56:58,163 [INFO] Total de grooves carregados: 9
2025-10-02 08:56:58,163 [DEBUG] Inicializando banco de dados...
2025-10-02 08:56:58,164 [INFO] Banco de dados inicializado com sucesso.
2025-10-02 08:56:58,164 [INFO] DrumMachine inicializada com sucesso!
2025-10-02 09:01:21,836 [INFO] Iniciando DrumMachine...
2025-10-02 09:01:21,837 [DEBUG] Inicializando banco de dados...
2025-10-02 09:01:21,838 [INFO] Banco de dados inicializado com sucesso.
2025-10-02 09:01:21,924 [DEBUG] Construindo interface gráfica...
2025-10-02 09:01:22,270 [DEBUG] Carregando lista de grooves do banco...
2025-10-02 09:01:22,272 [INFO] Total de grooves carregados: 9
2025-10-02 09:01:22,272 [DEBUG] Inicializando banco de dados...
2025-10-02 09:01:22,273 [INFO] Banco de dados inicializado com sucesso.
2025-10-02 09:01:22,273 [INFO] DrumMachine inicializada com sucesso!
2025-10-02 09:11:57,132 [INFO] Iniciando DrumMachine...
2025-10-02 09:11:57,133 [DEBUG] Inicializando banco de dados...
2025-10-02 09:11:57,135 [INFO] Banco de dados inicializado com sucesso.
2025-10-02 09:11:57,279 [DEBUG] Construindo interface gráfica...
2025-10-02 09:11:57,629 [DEBUG] Carregando lista de grooves do banco...
2025-10-02 09:11:57,631 [INFO] Total de grooves carregados: 9
2025-10-02 09:11:57,631 [DEBUG] Inicializando banco de dados...
2025-10-02 09:11:57,632 [INFO] Banco de dados inicializado com sucesso.
2025-10-02 09:11:57,632 [INFO] DrumMachine inicializada com sucesso!
2025-10-02 09:17:18,384 [INFO] Iniciando DrumMachine...
2025-10-02 09:17:18,384 [DEBUG] Inicializando banco de dados...
2025-10-02 09:17:18,386 [INFO] Banco de dados inicializado com sucesso.
2025-10-02 09:17:18,469 [DEBUG] Construindo interface gráfica...
2025-10-02 09:17:18,822 [DEBUG] Carregando lista de grooves do banco...
2025-10-02 09:17:18,824 [INFO] Total de grooves carregados: 9
2025-10-02 09:17:18,824 [DEBUG] Inicializando banco de dados...
2025-10-02 09:17:18,825 [INFO] Banco de dados inicializado com sucesso.
2025-10-02 09:17:18,825 [INFO] DrumMachine inicializada com sucesso!
2025-10-02 09:21:10,559 [INFO] Iniciando DrumMachine...
2025-10-02 09:21:10,560 [DEBUG] Inicializando banco de dados...
2025-10-02 09:21:10,565 [INFO] Banco de dados inicializado com sucesso.
2025-10-02 09:21:11,543 [DEBUG] Construindo interface gráfica...
2025-10-02 09:21:12,670 [DEBUG] Carregando lista de grooves do banco...
2025-10-02 09:21:12,749 [INFO] Total de grooves carregados: 9
2025-10-02 09:21:12,753 [DEBUG] Inicializando banco de dados...
2025-10-02 09:21:12,822 [INFO] Banco de dados inicializado com sucesso.
2025-10-02 09:21:12,867 [INFO] DrumMachine inicializada com sucesso!
2025-10-02 09:46:37,544 [INFO] Iniciando DrumMachine...
2025-10-02 09:46:37,544 [DEBUG] Inicializando banco de dados...
2025-10-02 09:46:37,546 [INFO] Banco de dados inicializado com sucesso.
2025-10-02 09:46:37,630 [DEBUG] Construindo interface gráfica...
2025-10-02 09:46:38,069 [DEBUG] Carregando lista de grooves do banco...
2025-10-02 09:46:38,070 [INFO] Total de grooves carregados: 9
2025-10-02 09:46:38,070 [DEBUG] Inicializando banco de dados...
2025-10-02 09:46:38,071 [INFO] Banco de dados inicializado com sucesso.
2025-10-02 09:46:38,071 [INFO] DrumMachine inicializada com sucesso!
2025-10-02 09:48:30,369 [INFO] Iniciando DrumMachine...
2025-10-02 09:48:30,370 [DEBUG] Inicializando banco de dados...
2025-10-02 09:48:30,371 [INFO] Banco de dados inicializado com sucesso.
2025-10-02 09:48:30,458 [DEBUG] Construindo interface gráfica...
2025-10-02 09:48:30,813 [DEBUG] Carregando lista de grooves do banco...
2025-10-02 09:48:30,814 [INFO] Total de grooves carregados: 9
2025-10-02 09:48:30,815 [DEBUG] Inicializando banco de dados...
2025-10-02 09:48:30,815 [INFO] Banco de dados inicializado com sucesso.
2025-10-02 09:48:30,816 [INFO] DrumMachine inicializada com sucesso!
2025-10-02 10:00:23,534 [INFO] Iniciando DrumMachine...
2025-10-02 10:00:23,535 [DEBUG] Inicializando banco de dados...
2025-10-02 10:00:23,536 [INFO] Banco de dados inicializado com sucesso.
2025-10-02 10:00:23,622 [DEBUG] Construindo interface gráfica...
2025-10-02 10:00:23,966 [DEBUG] Carregando lista de grooves do banco...
2025-10-02 10:00:23,968 [INFO] Total de grooves carregados: 9
2025-10-02 10:00:23,968 [DEBUG] Inicializando banco de dados...
2025-10-02 10:00:23,969 [INFO] Banco de dados inicializado com sucesso.
2025-10-02 10:00:23,969 [INFO] DrumMachine inicializada com sucesso!
2025-10-02 10:28:51,280 [DEBUG] Inicializando banco de dados...
2025-10-02 10:28:51,282 [INFO] Banco de dados inicializado com sucesso.
2025-10-02 10:28:51,818 [INFO] Iniciando DrumMachine...
2025-10-02 10:28:51,821 [DEBUG] Construindo interface gráfica...
2025-10-02 10:28:52,301 [DEBUG] Carregando lista de grooves do banco...
2025-10-02 10:28:52,302 [INFO] Total de grooves carregados: 9
2025-10-02 10:28:52,302 [DEBUG] Inicializando banco de dados...
2025-10-02 10:28:52,303 [INFO] Banco de dados inicializado com sucesso.
2025-10-02 10:28:52,303 [INFO] DrumMachine inicializada com sucesso!
2025-10-02 10:28:55,477 [INFO] Iniciando gravação piste 1 por 5s
2025-10-02 10:29:00,578 [INFO] Gravação salva em C:\Users\usuario\Downloads\app_drum_3.0\loops\user_loop_1_1759411740.wav
2025-10-02 10:29:00,588 [INFO] Gravação da pista 1 finalizada
